<html>
<head>
<title>TestNG:  Test</title>
<link href="../testng.css" rel="stylesheet" type="text/css" />
<link href="../my-testng.css" rel="stylesheet" type="text/css" />

<style type="text/css">
.log { display: none;} 
.stack-trace { display: none;} 
</style>
<script type="text/javascript">
<!--
function flip(e) {
  current = e.style.display;
  if (current == 'block') {
    e.style.display = 'none';
    return 0;
  }
  else {
    e.style.display = 'block';
    return 1;
  }
}

function toggleBox(szDivId, elem, msg1, msg2)
{
  var res = -1;  if (document.getElementById) {
    res = flip(document.getElementById(szDivId));
  }
  else if (document.all) {
    // this is the way old msie versions work
    res = flip(document.all[szDivId]);
  }
  if(elem) {
    if(res == 0) elem.innerHTML = msg1; else elem.innerHTML = msg2;
  }

}

function toggleAllBoxes() {
  if (document.getElementsByTagName) {
    d = document.getElementsByTagName('div');
    for (i = 0; i < d.length; i++) {
      if (d[i].className == 'log') {
        flip(d[i]);
      }
    }
  }
}

// -->
</script>

</head>
<body>
<h2 align='center'>Test</h2><table border='1' align="center">
<tr>
<td>Tests passed/Failed/Skipped:</td><td>2/10/0</td>
</tr><tr>
<td>Started on:</td><td>Tue Jun 01 19:12:54 IST 2021</td>
</tr>
<tr><td>Total time:</td><td>389 seconds (389837 ms)</td>
</tr><tr>
<td>Included groups:</td><td></td>
</tr><tr>
<td>Excluded groups:</td><td></td>
</tr>
</table><p/>
<small><i>(Hover the method name to see the test class name)</i></small><p/>
<table width='100%' border='1' class='invocation-failed'>
<tr><td colspan='4' align='center'><b>FAILED TESTS</b></td></tr>
<tr><td><b>Test method</b></td>
<td width="30%"><b>Exception</b></td>
<td width="10%"><b>Time (seconds)</b></td>
<td><b>Instance</b></td>
</tr>
<tr>
<td title='com.framework.datadriven.tests.HomeTest.signUpDataProviderTest()'><b>signUpDataProviderTest</b><br>Test class: com.framework.datadriven.tests.HomeTest<br>Test method: Sign up test case validation with data provider<br>Parameters: John, Peter, rama@gmail.com, 9845012345, KR Layout, KR Puram, Bangalore, Karnataka, 560103, India</td>
<td><div><pre>java.lang.AssertionError: Unable to find the element using the By locator: &lt;By.name: account.address&gt;
	at com.framework.datadriven.pages.BasePage.sendKeysToWebElement(BasePage.java:57)
	at com.framework.datadriven.pages.HomePage.signUpDataProvider(HomePage.java:75)
	at com.framework.datadriven.tests.HomeTest.signUpDataProviderTest(HomeTest.java:46)
	at java.base/java.util.ArrayList.forEach(ArrayList.java:1511)
... Removed 28 stack frames</pre></div><a href='#' onClick='toggleBox("stack-trace1690796457", this, "Click to show all stack frames", "Click to hide stack frames")'>Click to show all stack frames</a>
<div class='stack-trace' id='stack-trace1690796457'><pre>java.lang.AssertionError: Unable to find the element using the By locator: &lt;By.name: account.address&gt;
	at org.testng.Assert.fail(Assert.java:99)
	at com.framework.datadriven.pages.BasePage.sendKeysToWebElement(BasePage.java:57)
	at com.framework.datadriven.pages.HomePage.signUpDataProvider(HomePage.java:75)
	at com.framework.datadriven.tests.HomeTest.signUpDataProviderTest(HomeTest.java:46)
	at java.base/jdk.internal.reflect.NativeMethodAccessorImpl.invoke0(Native Method)
	at java.base/jdk.internal.reflect.NativeMethodAccessorImpl.invoke(NativeMethodAccessorImpl.java:64)
	at java.base/jdk.internal.reflect.DelegatingMethodAccessorImpl.invoke(DelegatingMethodAccessorImpl.java:43)
	at java.base/java.lang.reflect.Method.invoke(Method.java:564)
	at org.testng.internal.MethodInvocationHelper.invokeMethod(MethodInvocationHelper.java:132)
	at org.testng.internal.TestInvoker.invokeMethod(TestInvoker.java:599)
	at org.testng.internal.TestInvoker.invokeTestMethod(TestInvoker.java:174)
	at org.testng.internal.MethodRunner.runInSequence(MethodRunner.java:46)
	at org.testng.internal.TestInvoker$MethodInvocationAgent.invoke(TestInvoker.java:822)
	at org.testng.internal.TestInvoker.invokeTestMethods(TestInvoker.java:147)
	at org.testng.internal.TestMethodWorker.invokeTestMethods(TestMethodWorker.java:146)
	at org.testng.internal.TestMethodWorker.run(TestMethodWorker.java:128)
	at java.base/java.util.ArrayList.forEach(ArrayList.java:1511)
	at org.testng.TestRunner.privateRun(TestRunner.java:764)
	at org.testng.TestRunner.run(TestRunner.java:585)
	at org.testng.SuiteRunner.runTest(SuiteRunner.java:384)
	at org.testng.SuiteRunner.runSequentially(SuiteRunner.java:378)
	at org.testng.SuiteRunner.privateRun(SuiteRunner.java:337)
	at org.testng.SuiteRunner.run(SuiteRunner.java:286)
	at org.testng.SuiteRunnerWorker.runSuite(SuiteRunnerWorker.java:53)
	at org.testng.SuiteRunnerWorker.run(SuiteRunnerWorker.java:96)
	at org.testng.TestNG.runSuitesSequentially(TestNG.java:1218)
	at org.testng.TestNG.runSuitesLocally(TestNG.java:1140)
	at org.testng.TestNG.runSuites(TestNG.java:1069)
	at org.testng.TestNG.run(TestNG.java:1037)
	at org.testng.remote.AbstractRemoteTestNG.run(AbstractRemoteTestNG.java:115)
	at org.testng.remote.RemoteTestNG.initAndRun(RemoteTestNG.java:251)
	at org.testng.remote.RemoteTestNG.main(RemoteTestNG.java:77)
</pre></div></td>
<td>35</td>
<td>com.framework.datadriven.tests.HomeTest@700fb871</td></tr>
<tr>
<td title='com.framework.datadriven.tests.HomeTest.signUpDataProviderTest()'><b>signUpDataProviderTest</b><br>Test class: com.framework.datadriven.tests.HomeTest<br>Test method: Sign up test case validation with data provider<br>Parameters: Rama, Krishna, rama@yahoo.com, 9845012786, Patel Layout, IndiraNagar, Bangalore, Karnataka, 561113, India</td>
<td><div><pre>java.lang.AssertionError: Unable to find the element using the By locator: &lt;By.name: account.address&gt;
	at com.framework.datadriven.pages.BasePage.sendKeysToWebElement(BasePage.java:57)
	at com.framework.datadriven.pages.HomePage.signUpDataProvider(HomePage.java:75)
	at com.framework.datadriven.tests.HomeTest.signUpDataProviderTest(HomeTest.java:46)
	at java.base/java.util.ArrayList.forEach(ArrayList.java:1511)
... Removed 28 stack frames</pre></div><a href='#' onClick='toggleBox("stack-trace7508078", this, "Click to show all stack frames", "Click to hide stack frames")'>Click to show all stack frames</a>
<div class='stack-trace' id='stack-trace7508078'><pre>java.lang.AssertionError: Unable to find the element using the By locator: &lt;By.name: account.address&gt;
	at org.testng.Assert.fail(Assert.java:99)
	at com.framework.datadriven.pages.BasePage.sendKeysToWebElement(BasePage.java:57)
	at com.framework.datadriven.pages.HomePage.signUpDataProvider(HomePage.java:75)
	at com.framework.datadriven.tests.HomeTest.signUpDataProviderTest(HomeTest.java:46)
	at java.base/jdk.internal.reflect.NativeMethodAccessorImpl.invoke0(Native Method)
	at java.base/jdk.internal.reflect.NativeMethodAccessorImpl.invoke(NativeMethodAccessorImpl.java:64)
	at java.base/jdk.internal.reflect.DelegatingMethodAccessorImpl.invoke(DelegatingMethodAccessorImpl.java:43)
	at java.base/java.lang.reflect.Method.invoke(Method.java:564)
	at org.testng.internal.MethodInvocationHelper.invokeMethod(MethodInvocationHelper.java:132)
	at org.testng.internal.TestInvoker.invokeMethod(TestInvoker.java:599)
	at org.testng.internal.TestInvoker.invokeTestMethod(TestInvoker.java:174)
	at org.testng.internal.MethodRunner.runInSequence(MethodRunner.java:46)
	at org.testng.internal.TestInvoker$MethodInvocationAgent.invoke(TestInvoker.java:822)
	at org.testng.internal.TestInvoker.invokeTestMethods(TestInvoker.java:147)
	at org.testng.internal.TestMethodWorker.invokeTestMethods(TestMethodWorker.java:146)
	at org.testng.internal.TestMethodWorker.run(TestMethodWorker.java:128)
	at java.base/java.util.ArrayList.forEach(ArrayList.java:1511)
	at org.testng.TestRunner.privateRun(TestRunner.java:764)
	at org.testng.TestRunner.run(TestRunner.java:585)
	at org.testng.SuiteRunner.runTest(SuiteRunner.java:384)
	at org.testng.SuiteRunner.runSequentially(SuiteRunner.java:378)
	at org.testng.SuiteRunner.privateRun(SuiteRunner.java:337)
	at org.testng.SuiteRunner.run(SuiteRunner.java:286)
	at org.testng.SuiteRunnerWorker.runSuite(SuiteRunnerWorker.java:53)
	at org.testng.SuiteRunnerWorker.run(SuiteRunnerWorker.java:96)
	at org.testng.TestNG.runSuitesSequentially(TestNG.java:1218)
	at org.testng.TestNG.runSuitesLocally(TestNG.java:1140)
	at org.testng.TestNG.runSuites(TestNG.java:1069)
	at org.testng.TestNG.run(TestNG.java:1037)
	at org.testng.remote.AbstractRemoteTestNG.run(AbstractRemoteTestNG.java:115)
	at org.testng.remote.RemoteTestNG.initAndRun(RemoteTestNG.java:251)
	at org.testng.remote.RemoteTestNG.main(RemoteTestNG.java:77)
</pre></div></td>
<td>35</td>
<td>com.framework.datadriven.tests.HomeTest@700fb871</td></tr>
<tr>
<td title='com.framework.datadriven.tests.HomeTestExcelData.signUpDataProviderTest()'><b>signUpDataProviderTest</b><br>Test class: com.framework.datadriven.tests.HomeTestExcelData<br>Test method: Sign up test case validation with data provider<br>Parameters: Java, Selenium, java@selenium.com, 9845012345, apache, open source, everywhere, anywhere, 560101, world</td>
<td><div><pre>java.lang.AssertionError: Unable to find the element using the By locator: &lt;By.name: account.address&gt;
	at com.framework.datadriven.pages.BasePage.sendKeysToWebElement(BasePage.java:57)
	at com.framework.datadriven.pages.HomePage.signUpDataProvider(HomePage.java:75)
	at com.framework.datadriven.tests.HomeTestExcelData.signUpDataProviderTest(HomeTestExcelData.java:21)
	at java.base/java.util.ArrayList.forEach(ArrayList.java:1511)
... Removed 28 stack frames</pre></div><a href='#' onClick='toggleBox("stack-trace702340380", this, "Click to show all stack frames", "Click to hide stack frames")'>Click to show all stack frames</a>
<div class='stack-trace' id='stack-trace702340380'><pre>java.lang.AssertionError: Unable to find the element using the By locator: &lt;By.name: account.address&gt;
	at org.testng.Assert.fail(Assert.java:99)
	at com.framework.datadriven.pages.BasePage.sendKeysToWebElement(BasePage.java:57)
	at com.framework.datadriven.pages.HomePage.signUpDataProvider(HomePage.java:75)
	at com.framework.datadriven.tests.HomeTestExcelData.signUpDataProviderTest(HomeTestExcelData.java:21)
	at java.base/jdk.internal.reflect.NativeMethodAccessorImpl.invoke0(Native Method)
	at java.base/jdk.internal.reflect.NativeMethodAccessorImpl.invoke(NativeMethodAccessorImpl.java:64)
	at java.base/jdk.internal.reflect.DelegatingMethodAccessorImpl.invoke(DelegatingMethodAccessorImpl.java:43)
	at java.base/java.lang.reflect.Method.invoke(Method.java:564)
	at org.testng.internal.MethodInvocationHelper.invokeMethod(MethodInvocationHelper.java:132)
	at org.testng.internal.TestInvoker.invokeMethod(TestInvoker.java:599)
	at org.testng.internal.TestInvoker.invokeTestMethod(TestInvoker.java:174)
	at org.testng.internal.MethodRunner.runInSequence(MethodRunner.java:46)
	at org.testng.internal.TestInvoker$MethodInvocationAgent.invoke(TestInvoker.java:822)
	at org.testng.internal.TestInvoker.invokeTestMethods(TestInvoker.java:147)
	at org.testng.internal.TestMethodWorker.invokeTestMethods(TestMethodWorker.java:146)
	at org.testng.internal.TestMethodWorker.run(TestMethodWorker.java:128)
	at java.base/java.util.ArrayList.forEach(ArrayList.java:1511)
	at org.testng.TestRunner.privateRun(TestRunner.java:764)
	at org.testng.TestRunner.run(TestRunner.java:585)
	at org.testng.SuiteRunner.runTest(SuiteRunner.java:384)
	at org.testng.SuiteRunner.runSequentially(SuiteRunner.java:378)
	at org.testng.SuiteRunner.privateRun(SuiteRunner.java:337)
	at org.testng.SuiteRunner.run(SuiteRunner.java:286)
	at org.testng.SuiteRunnerWorker.runSuite(SuiteRunnerWorker.java:53)
	at org.testng.SuiteRunnerWorker.run(SuiteRunnerWorker.java:96)
	at org.testng.TestNG.runSuitesSequentially(TestNG.java:1218)
	at org.testng.TestNG.runSuitesLocally(TestNG.java:1140)
	at org.testng.TestNG.runSuites(TestNG.java:1069)
	at org.testng.TestNG.run(TestNG.java:1037)
	at org.testng.remote.AbstractRemoteTestNG.run(AbstractRemoteTestNG.java:115)
	at org.testng.remote.RemoteTestNG.initAndRun(RemoteTestNG.java:251)
	at org.testng.remote.RemoteTestNG.main(RemoteTestNG.java:77)
</pre></div></td>
<td>35</td>
<td>com.framework.datadriven.tests.HomeTestExcelData@3b35a229</td></tr>
<tr>
<td title='com.framework.datadriven.tests.HomeTestExcelData.signUpDataProviderTest()'><b>signUpDataProviderTest</b><br>Test class: com.framework.datadriven.tests.HomeTestExcelData<br>Test method: Sign up test case validation with data provider<br>Parameters: Python, Selenium, java@selenium.com, 9845012345, apache, open source, everywhere, anywhere, 560101, world</td>
<td><div><pre>java.lang.AssertionError: Unable to find the element using the By locator: &lt;By.name: account.address&gt;
	at com.framework.datadriven.pages.BasePage.sendKeysToWebElement(BasePage.java:57)
	at com.framework.datadriven.pages.HomePage.signUpDataProvider(HomePage.java:75)
	at com.framework.datadriven.tests.HomeTestExcelData.signUpDataProviderTest(HomeTestExcelData.java:21)
	at java.base/java.util.ArrayList.forEach(ArrayList.java:1511)
... Removed 28 stack frames</pre></div><a href='#' onClick='toggleBox("stack-trace489549653", this, "Click to show all stack frames", "Click to hide stack frames")'>Click to show all stack frames</a>
<div class='stack-trace' id='stack-trace489549653'><pre>java.lang.AssertionError: Unable to find the element using the By locator: &lt;By.name: account.address&gt;
	at org.testng.Assert.fail(Assert.java:99)
	at com.framework.datadriven.pages.BasePage.sendKeysToWebElement(BasePage.java:57)
	at com.framework.datadriven.pages.HomePage.signUpDataProvider(HomePage.java:75)
	at com.framework.datadriven.tests.HomeTestExcelData.signUpDataProviderTest(HomeTestExcelData.java:21)
	at java.base/jdk.internal.reflect.NativeMethodAccessorImpl.invoke0(Native Method)
	at java.base/jdk.internal.reflect.NativeMethodAccessorImpl.invoke(NativeMethodAccessorImpl.java:64)
	at java.base/jdk.internal.reflect.DelegatingMethodAccessorImpl.invoke(DelegatingMethodAccessorImpl.java:43)
	at java.base/java.lang.reflect.Method.invoke(Method.java:564)
	at org.testng.internal.MethodInvocationHelper.invokeMethod(MethodInvocationHelper.java:132)
	at org.testng.internal.TestInvoker.invokeMethod(TestInvoker.java:599)
	at org.testng.internal.TestInvoker.invokeTestMethod(TestInvoker.java:174)
	at org.testng.internal.MethodRunner.runInSequence(MethodRunner.java:46)
	at org.testng.internal.TestInvoker$MethodInvocationAgent.invoke(TestInvoker.java:822)
	at org.testng.internal.TestInvoker.invokeTestMethods(TestInvoker.java:147)
	at org.testng.internal.TestMethodWorker.invokeTestMethods(TestMethodWorker.java:146)
	at org.testng.internal.TestMethodWorker.run(TestMethodWorker.java:128)
	at java.base/java.util.ArrayList.forEach(ArrayList.java:1511)
	at org.testng.TestRunner.privateRun(TestRunner.java:764)
	at org.testng.TestRunner.run(TestRunner.java:585)
	at org.testng.SuiteRunner.runTest(SuiteRunner.java:384)
	at org.testng.SuiteRunner.runSequentially(SuiteRunner.java:378)
	at org.testng.SuiteRunner.privateRun(SuiteRunner.java:337)
	at org.testng.SuiteRunner.run(SuiteRunner.java:286)
	at org.testng.SuiteRunnerWorker.runSuite(SuiteRunnerWorker.java:53)
	at org.testng.SuiteRunnerWorker.run(SuiteRunnerWorker.java:96)
	at org.testng.TestNG.runSuitesSequentially(TestNG.java:1218)
	at org.testng.TestNG.runSuitesLocally(TestNG.java:1140)
	at org.testng.TestNG.runSuites(TestNG.java:1069)
	at org.testng.TestNG.run(TestNG.java:1037)
	at org.testng.remote.AbstractRemoteTestNG.run(AbstractRemoteTestNG.java:115)
	at org.testng.remote.RemoteTestNG.initAndRun(RemoteTestNG.java:251)
	at org.testng.remote.RemoteTestNG.main(RemoteTestNG.java:77)
</pre></div></td>
<td>35</td>
<td>com.framework.datadriven.tests.HomeTestExcelData@3b35a229</td></tr>
<tr>
<td title='com.framework.datadriven.tests.HomeTestExcelDataMapExample.signUpDataProviderTest()'><b>signUpDataProviderTest</b><br>Test class: com.framework.datadriven.tests.HomeTestExcelDataMapExample<br>Test method: Sign up test case validation with data provider<br>Parameters: {zip=560101, firstName=Java, lastName=Selenium, country=world, phone=9845012345, address2=open source, city=everywhere, address1=apache, state=anywhere, email=java@selenium.com}</td>
<td><div><pre>java.lang.AssertionError: Unable to find the element using the By locator: &lt;By.name: account.address&gt;
	at com.framework.datadriven.pages.BasePage.sendKeysToWebElement(BasePage.java:57)
	at com.framework.datadriven.pages.HomePage.signUpDataProvider(HomePage.java:75)
	at com.framework.datadriven.tests.HomeTestExcelDataMapExample.signUpDataProviderTest(HomeTestExcelDataMapExample.java:30)
	at java.base/java.util.ArrayList.forEach(ArrayList.java:1511)
... Removed 28 stack frames</pre></div><a href='#' onClick='toggleBox("stack-trace1300256447", this, "Click to show all stack frames", "Click to hide stack frames")'>Click to show all stack frames</a>
<div class='stack-trace' id='stack-trace1300256447'><pre>java.lang.AssertionError: Unable to find the element using the By locator: &lt;By.name: account.address&gt;
	at org.testng.Assert.fail(Assert.java:99)
	at com.framework.datadriven.pages.BasePage.sendKeysToWebElement(BasePage.java:57)
	at com.framework.datadriven.pages.HomePage.signUpDataProvider(HomePage.java:75)
	at com.framework.datadriven.tests.HomeTestExcelDataMapExample.signUpDataProviderTest(HomeTestExcelDataMapExample.java:30)
	at java.base/jdk.internal.reflect.NativeMethodAccessorImpl.invoke0(Native Method)
	at java.base/jdk.internal.reflect.NativeMethodAccessorImpl.invoke(NativeMethodAccessorImpl.java:64)
	at java.base/jdk.internal.reflect.DelegatingMethodAccessorImpl.invoke(DelegatingMethodAccessorImpl.java:43)
	at java.base/java.lang.reflect.Method.invoke(Method.java:564)
	at org.testng.internal.MethodInvocationHelper.invokeMethod(MethodInvocationHelper.java:132)
	at org.testng.internal.TestInvoker.invokeMethod(TestInvoker.java:599)
	at org.testng.internal.TestInvoker.invokeTestMethod(TestInvoker.java:174)
	at org.testng.internal.MethodRunner.runInSequence(MethodRunner.java:46)
	at org.testng.internal.TestInvoker$MethodInvocationAgent.invoke(TestInvoker.java:822)
	at org.testng.internal.TestInvoker.invokeTestMethods(TestInvoker.java:147)
	at org.testng.internal.TestMethodWorker.invokeTestMethods(TestMethodWorker.java:146)
	at org.testng.internal.TestMethodWorker.run(TestMethodWorker.java:128)
	at java.base/java.util.ArrayList.forEach(ArrayList.java:1511)
	at org.testng.TestRunner.privateRun(TestRunner.java:764)
	at org.testng.TestRunner.run(TestRunner.java:585)
	at org.testng.SuiteRunner.runTest(SuiteRunner.java:384)
	at org.testng.SuiteRunner.runSequentially(SuiteRunner.java:378)
	at org.testng.SuiteRunner.privateRun(SuiteRunner.java:337)
	at org.testng.SuiteRunner.run(SuiteRunner.java:286)
	at org.testng.SuiteRunnerWorker.runSuite(SuiteRunnerWorker.java:53)
	at org.testng.SuiteRunnerWorker.run(SuiteRunnerWorker.java:96)
	at org.testng.TestNG.runSuitesSequentially(TestNG.java:1218)
	at org.testng.TestNG.runSuitesLocally(TestNG.java:1140)
	at org.testng.TestNG.runSuites(TestNG.java:1069)
	at org.testng.TestNG.run(TestNG.java:1037)
	at org.testng.remote.AbstractRemoteTestNG.run(AbstractRemoteTestNG.java:115)
	at org.testng.remote.RemoteTestNG.initAndRun(RemoteTestNG.java:251)
	at org.testng.remote.RemoteTestNG.main(RemoteTestNG.java:77)
</pre></div></td>
<td>35</td>
<td>com.framework.datadriven.tests.HomeTestExcelDataMapExample@9816741</td></tr>
<tr>
<td title='com.framework.datadriven.tests.HomeTestExcelDataMapExample.signUpDataProviderTest()'><b>signUpDataProviderTest</b><br>Test class: com.framework.datadriven.tests.HomeTestExcelDataMapExample<br>Test method: Sign up test case validation with data provider<br>Parameters: {zip=560101, firstName=Python, lastName=Selenium, country=world, phone=9845012345, address2=open source, city=everywhere, address1=apache, state=anywhere, email=java@selenium.com}</td>
<td><div><pre>java.lang.AssertionError: Unable to find the element using the By locator: &lt;By.name: account.address&gt;
	at com.framework.datadriven.pages.BasePage.sendKeysToWebElement(BasePage.java:57)
	at com.framework.datadriven.pages.HomePage.signUpDataProvider(HomePage.java:75)
	at com.framework.datadriven.tests.HomeTestExcelDataMapExample.signUpDataProviderTest(HomeTestExcelDataMapExample.java:30)
	at java.base/java.util.ArrayList.forEach(ArrayList.java:1511)
... Removed 28 stack frames</pre></div><a href='#' onClick='toggleBox("stack-trace1013199775", this, "Click to show all stack frames", "Click to hide stack frames")'>Click to show all stack frames</a>
<div class='stack-trace' id='stack-trace1013199775'><pre>java.lang.AssertionError: Unable to find the element using the By locator: &lt;By.name: account.address&gt;
	at org.testng.Assert.fail(Assert.java:99)
	at com.framework.datadriven.pages.BasePage.sendKeysToWebElement(BasePage.java:57)
	at com.framework.datadriven.pages.HomePage.signUpDataProvider(HomePage.java:75)
	at com.framework.datadriven.tests.HomeTestExcelDataMapExample.signUpDataProviderTest(HomeTestExcelDataMapExample.java:30)
	at java.base/jdk.internal.reflect.NativeMethodAccessorImpl.invoke0(Native Method)
	at java.base/jdk.internal.reflect.NativeMethodAccessorImpl.invoke(NativeMethodAccessorImpl.java:64)
	at java.base/jdk.internal.reflect.DelegatingMethodAccessorImpl.invoke(DelegatingMethodAccessorImpl.java:43)
	at java.base/java.lang.reflect.Method.invoke(Method.java:564)
	at org.testng.internal.MethodInvocationHelper.invokeMethod(MethodInvocationHelper.java:132)
	at org.testng.internal.TestInvoker.invokeMethod(TestInvoker.java:599)
	at org.testng.internal.TestInvoker.invokeTestMethod(TestInvoker.java:174)
	at org.testng.internal.MethodRunner.runInSequence(MethodRunner.java:46)
	at org.testng.internal.TestInvoker$MethodInvocationAgent.invoke(TestInvoker.java:822)
	at org.testng.internal.TestInvoker.invokeTestMethods(TestInvoker.java:147)
	at org.testng.internal.TestMethodWorker.invokeTestMethods(TestMethodWorker.java:146)
	at org.testng.internal.TestMethodWorker.run(TestMethodWorker.java:128)
	at java.base/java.util.ArrayList.forEach(ArrayList.java:1511)
	at org.testng.TestRunner.privateRun(TestRunner.java:764)
	at org.testng.TestRunner.run(TestRunner.java:585)
	at org.testng.SuiteRunner.runTest(SuiteRunner.java:384)
	at org.testng.SuiteRunner.runSequentially(SuiteRunner.java:378)
	at org.testng.SuiteRunner.privateRun(SuiteRunner.java:337)
	at org.testng.SuiteRunner.run(SuiteRunner.java:286)
	at org.testng.SuiteRunnerWorker.runSuite(SuiteRunnerWorker.java:53)
	at org.testng.SuiteRunnerWorker.run(SuiteRunnerWorker.java:96)
	at org.testng.TestNG.runSuitesSequentially(TestNG.java:1218)
	at org.testng.TestNG.runSuitesLocally(TestNG.java:1140)
	at org.testng.TestNG.runSuites(TestNG.java:1069)
	at org.testng.TestNG.run(TestNG.java:1037)
	at org.testng.remote.AbstractRemoteTestNG.run(AbstractRemoteTestNG.java:115)
	at org.testng.remote.RemoteTestNG.initAndRun(RemoteTestNG.java:251)
	at org.testng.remote.RemoteTestNG.main(RemoteTestNG.java:77)
</pre></div></td>
<td>35</td>
<td>com.framework.datadriven.tests.HomeTestExcelDataMapExample@9816741</td></tr>
<tr>
<td title='com.framework.datadriven.tests.HomeTestCSVData.signUpDataProviderTest()'><b>signUpDataProviderTest</b><br>Test class: com.framework.datadriven.tests.HomeTestCSVData<br>Test method: Sign up test case validation with data provider<br>Parameters: {zip=560101, firstName=Javacsv, lastName=Selenium, country=world, phone=9845012345, address2=open source, city=everywhere, address1=apache, state=anywhere, email=java@selenium.com}</td>
<td><div><pre>java.lang.AssertionError: Unable to find the element using the By locator: &lt;By.name: account.address&gt;
	at com.framework.datadriven.pages.BasePage.sendKeysToWebElement(BasePage.java:57)
	at com.framework.datadriven.pages.HomePage.signUpDataProvider(HomePage.java:75)
	at com.framework.datadriven.tests.HomeTestCSVData.signUpDataProviderTest(HomeTestCSVData.java:32)
	at java.base/java.util.ArrayList.forEach(ArrayList.java:1511)
... Removed 28 stack frames</pre></div><a href='#' onClick='toggleBox("stack-trace2055183685", this, "Click to show all stack frames", "Click to hide stack frames")'>Click to show all stack frames</a>
<div class='stack-trace' id='stack-trace2055183685'><pre>java.lang.AssertionError: Unable to find the element using the By locator: &lt;By.name: account.address&gt;
	at org.testng.Assert.fail(Assert.java:99)
	at com.framework.datadriven.pages.BasePage.sendKeysToWebElement(BasePage.java:57)
	at com.framework.datadriven.pages.HomePage.signUpDataProvider(HomePage.java:75)
	at com.framework.datadriven.tests.HomeTestCSVData.signUpDataProviderTest(HomeTestCSVData.java:32)
	at java.base/jdk.internal.reflect.NativeMethodAccessorImpl.invoke0(Native Method)
	at java.base/jdk.internal.reflect.NativeMethodAccessorImpl.invoke(NativeMethodAccessorImpl.java:64)
	at java.base/jdk.internal.reflect.DelegatingMethodAccessorImpl.invoke(DelegatingMethodAccessorImpl.java:43)
	at java.base/java.lang.reflect.Method.invoke(Method.java:564)
	at org.testng.internal.MethodInvocationHelper.invokeMethod(MethodInvocationHelper.java:132)
	at org.testng.internal.TestInvoker.invokeMethod(TestInvoker.java:599)
	at org.testng.internal.TestInvoker.invokeTestMethod(TestInvoker.java:174)
	at org.testng.internal.MethodRunner.runInSequence(MethodRunner.java:46)
	at org.testng.internal.TestInvoker$MethodInvocationAgent.invoke(TestInvoker.java:822)
	at org.testng.internal.TestInvoker.invokeTestMethods(TestInvoker.java:147)
	at org.testng.internal.TestMethodWorker.invokeTestMethods(TestMethodWorker.java:146)
	at org.testng.internal.TestMethodWorker.run(TestMethodWorker.java:128)
	at java.base/java.util.ArrayList.forEach(ArrayList.java:1511)
	at org.testng.TestRunner.privateRun(TestRunner.java:764)
	at org.testng.TestRunner.run(TestRunner.java:585)
	at org.testng.SuiteRunner.runTest(SuiteRunner.java:384)
	at org.testng.SuiteRunner.runSequentially(SuiteRunner.java:378)
	at org.testng.SuiteRunner.privateRun(SuiteRunner.java:337)
	at org.testng.SuiteRunner.run(SuiteRunner.java:286)
	at org.testng.SuiteRunnerWorker.runSuite(SuiteRunnerWorker.java:53)
	at org.testng.SuiteRunnerWorker.run(SuiteRunnerWorker.java:96)
	at org.testng.TestNG.runSuitesSequentially(TestNG.java:1218)
	at org.testng.TestNG.runSuitesLocally(TestNG.java:1140)
	at org.testng.TestNG.runSuites(TestNG.java:1069)
	at org.testng.TestNG.run(TestNG.java:1037)
	at org.testng.remote.AbstractRemoteTestNG.run(AbstractRemoteTestNG.java:115)
	at org.testng.remote.RemoteTestNG.initAndRun(RemoteTestNG.java:251)
	at org.testng.remote.RemoteTestNG.main(RemoteTestNG.java:77)
</pre></div></td>
<td>35</td>
<td>com.framework.datadriven.tests.HomeTestCSVData@1e16c0aa</td></tr>
<tr>
<td title='com.framework.datadriven.tests.HomeTestCSVData.signUpDataProviderTest()'><b>signUpDataProviderTest</b><br>Test class: com.framework.datadriven.tests.HomeTestCSVData<br>Test method: Sign up test case validation with data provider<br>Parameters: {zip=560101, firstName=Pythoncsv, lastName=Selenium, country=world, phone=9845012345, address2=open source, city=everywhere, address1=apache, state=anywhere, email=java@selenium.com}</td>
<td><div><pre>java.lang.AssertionError: Unable to find the element using the By locator: &lt;By.name: account.address&gt;
	at com.framework.datadriven.pages.BasePage.sendKeysToWebElement(BasePage.java:57)
	at com.framework.datadriven.pages.HomePage.signUpDataProvider(HomePage.java:75)
	at com.framework.datadriven.tests.HomeTestCSVData.signUpDataProviderTest(HomeTestCSVData.java:32)
	at java.base/java.util.ArrayList.forEach(ArrayList.java:1511)
... Removed 28 stack frames</pre></div><a href='#' onClick='toggleBox("stack-trace848419266", this, "Click to show all stack frames", "Click to hide stack frames")'>Click to show all stack frames</a>
<div class='stack-trace' id='stack-trace848419266'><pre>java.lang.AssertionError: Unable to find the element using the By locator: &lt;By.name: account.address&gt;
	at org.testng.Assert.fail(Assert.java:99)
	at com.framework.datadriven.pages.BasePage.sendKeysToWebElement(BasePage.java:57)
	at com.framework.datadriven.pages.HomePage.signUpDataProvider(HomePage.java:75)
	at com.framework.datadriven.tests.HomeTestCSVData.signUpDataProviderTest(HomeTestCSVData.java:32)
	at java.base/jdk.internal.reflect.NativeMethodAccessorImpl.invoke0(Native Method)
	at java.base/jdk.internal.reflect.NativeMethodAccessorImpl.invoke(NativeMethodAccessorImpl.java:64)
	at java.base/jdk.internal.reflect.DelegatingMethodAccessorImpl.invoke(DelegatingMethodAccessorImpl.java:43)
	at java.base/java.lang.reflect.Method.invoke(Method.java:564)
	at org.testng.internal.MethodInvocationHelper.invokeMethod(MethodInvocationHelper.java:132)
	at org.testng.internal.TestInvoker.invokeMethod(TestInvoker.java:599)
	at org.testng.internal.TestInvoker.invokeTestMethod(TestInvoker.java:174)
	at org.testng.internal.MethodRunner.runInSequence(MethodRunner.java:46)
	at org.testng.internal.TestInvoker$MethodInvocationAgent.invoke(TestInvoker.java:822)
	at org.testng.internal.TestInvoker.invokeTestMethods(TestInvoker.java:147)
	at org.testng.internal.TestMethodWorker.invokeTestMethods(TestMethodWorker.java:146)
	at org.testng.internal.TestMethodWorker.run(TestMethodWorker.java:128)
	at java.base/java.util.ArrayList.forEach(ArrayList.java:1511)
	at org.testng.TestRunner.privateRun(TestRunner.java:764)
	at org.testng.TestRunner.run(TestRunner.java:585)
	at org.testng.SuiteRunner.runTest(SuiteRunner.java:384)
	at org.testng.SuiteRunner.runSequentially(SuiteRunner.java:378)
	at org.testng.SuiteRunner.privateRun(SuiteRunner.java:337)
	at org.testng.SuiteRunner.run(SuiteRunner.java:286)
	at org.testng.SuiteRunnerWorker.runSuite(SuiteRunnerWorker.java:53)
	at org.testng.SuiteRunnerWorker.run(SuiteRunnerWorker.java:96)
	at org.testng.TestNG.runSuitesSequentially(TestNG.java:1218)
	at org.testng.TestNG.runSuitesLocally(TestNG.java:1140)
	at org.testng.TestNG.runSuites(TestNG.java:1069)
	at org.testng.TestNG.run(TestNG.java:1037)
	at org.testng.remote.AbstractRemoteTestNG.run(AbstractRemoteTestNG.java:115)
	at org.testng.remote.RemoteTestNG.initAndRun(RemoteTestNG.java:251)
	at org.testng.remote.RemoteTestNG.main(RemoteTestNG.java:77)
</pre></div></td>
<td>35</td>
<td>com.framework.datadriven.tests.HomeTestCSVData@1e16c0aa</td></tr>
<tr>
<td title='com.framework.datadriven.tests.HomeTest.signUpTest()'><b>signUpTest</b><br>Test class: com.framework.datadriven.tests.HomeTest<br>Test method: new user sign up test case validation without data provider</td>
<td><div><pre>java.lang.AssertionError: Unable to find the element using the By locator: &lt;By.name: account.address&gt;
	at com.framework.datadriven.pages.BasePage.sendKeysToWebElement(BasePage.java:57)
	at com.framework.datadriven.pages.HomePage.signUp(HomePage.java:58)
	at com.framework.datadriven.tests.HomeTest.signUpTest(HomeTest.java:36)
	at java.base/java.util.ArrayList.forEach(ArrayList.java:1511)
... Removed 28 stack frames</pre></div><a href='#' onClick='toggleBox("stack-trace1698674897", this, "Click to show all stack frames", "Click to hide stack frames")'>Click to show all stack frames</a>
<div class='stack-trace' id='stack-trace1698674897'><pre>java.lang.AssertionError: Unable to find the element using the By locator: &lt;By.name: account.address&gt;
	at org.testng.Assert.fail(Assert.java:99)
	at com.framework.datadriven.pages.BasePage.sendKeysToWebElement(BasePage.java:57)
	at com.framework.datadriven.pages.HomePage.signUp(HomePage.java:58)
	at com.framework.datadriven.tests.HomeTest.signUpTest(HomeTest.java:36)
	at java.base/jdk.internal.reflect.NativeMethodAccessorImpl.invoke0(Native Method)
	at java.base/jdk.internal.reflect.NativeMethodAccessorImpl.invoke(NativeMethodAccessorImpl.java:64)
	at java.base/jdk.internal.reflect.DelegatingMethodAccessorImpl.invoke(DelegatingMethodAccessorImpl.java:43)
	at java.base/java.lang.reflect.Method.invoke(Method.java:564)
	at org.testng.internal.MethodInvocationHelper.invokeMethod(MethodInvocationHelper.java:132)
	at org.testng.internal.TestInvoker.invokeMethod(TestInvoker.java:599)
	at org.testng.internal.TestInvoker.invokeTestMethod(TestInvoker.java:174)
	at org.testng.internal.MethodRunner.runInSequence(MethodRunner.java:46)
	at org.testng.internal.TestInvoker$MethodInvocationAgent.invoke(TestInvoker.java:822)
	at org.testng.internal.TestInvoker.invokeTestMethods(TestInvoker.java:147)
	at org.testng.internal.TestMethodWorker.invokeTestMethods(TestMethodWorker.java:146)
	at org.testng.internal.TestMethodWorker.run(TestMethodWorker.java:128)
	at java.base/java.util.ArrayList.forEach(ArrayList.java:1511)
	at org.testng.TestRunner.privateRun(TestRunner.java:764)
	at org.testng.TestRunner.run(TestRunner.java:585)
	at org.testng.SuiteRunner.runTest(SuiteRunner.java:384)
	at org.testng.SuiteRunner.runSequentially(SuiteRunner.java:378)
	at org.testng.SuiteRunner.privateRun(SuiteRunner.java:337)
	at org.testng.SuiteRunner.run(SuiteRunner.java:286)
	at org.testng.SuiteRunnerWorker.runSuite(SuiteRunnerWorker.java:53)
	at org.testng.SuiteRunnerWorker.run(SuiteRunnerWorker.java:96)
	at org.testng.TestNG.runSuitesSequentially(TestNG.java:1218)
	at org.testng.TestNG.runSuitesLocally(TestNG.java:1140)
	at org.testng.TestNG.runSuites(TestNG.java:1069)
	at org.testng.TestNG.run(TestNG.java:1037)
	at org.testng.remote.AbstractRemoteTestNG.run(AbstractRemoteTestNG.java:115)
	at org.testng.remote.RemoteTestNG.initAndRun(RemoteTestNG.java:251)
	at org.testng.remote.RemoteTestNG.main(RemoteTestNG.java:77)
</pre></div></td>
<td>35</td>
<td>com.framework.datadriven.tests.HomeTest@700fb871</td></tr>
<tr>
<td title='com.framework.datadriven.tests.HomeTest.validateTitle()'><b>validateTitle</b><br>Test class: com.framework.datadriven.tests.HomeTest<br>Test method: title test case validation</td>
<td><div><pre>java.lang.AssertionError: expected [JPetStore Demo1] but found [JPetStore Demo]
	at com.framework.datadriven.tests.HomeTest.validateTitle(HomeTest.java:20)
	at java.base/java.util.ArrayList.forEach(ArrayList.java:1511)
... Removed 33 stack frames</pre></div><a href='#' onClick='toggleBox("stack-trace289592183", this, "Click to show all stack frames", "Click to hide stack frames")'>Click to show all stack frames</a>
<div class='stack-trace' id='stack-trace289592183'><pre>java.lang.AssertionError: expected [JPetStore Demo1] but found [JPetStore Demo]
	at org.testng.Assert.fail(Assert.java:99)
	at org.testng.Assert.failNotEquals(Assert.java:1037)
	at org.testng.Assert.assertEqualsImpl(Assert.java:140)
	at org.testng.Assert.assertEquals(Assert.java:122)
	at org.testng.Assert.assertEquals(Assert.java:629)
	at org.testng.Assert.assertEquals(Assert.java:639)
	at com.framework.datadriven.tests.HomeTest.validateTitle(HomeTest.java:20)
	at java.base/jdk.internal.reflect.NativeMethodAccessorImpl.invoke0(Native Method)
	at java.base/jdk.internal.reflect.NativeMethodAccessorImpl.invoke(NativeMethodAccessorImpl.java:64)
	at java.base/jdk.internal.reflect.DelegatingMethodAccessorImpl.invoke(DelegatingMethodAccessorImpl.java:43)
	at java.base/java.lang.reflect.Method.invoke(Method.java:564)
	at org.testng.internal.MethodInvocationHelper.invokeMethod(MethodInvocationHelper.java:132)
	at org.testng.internal.TestInvoker.invokeMethod(TestInvoker.java:599)
	at org.testng.internal.TestInvoker.invokeTestMethod(TestInvoker.java:174)
	at org.testng.internal.MethodRunner.runInSequence(MethodRunner.java:46)
	at org.testng.internal.TestInvoker$MethodInvocationAgent.invoke(TestInvoker.java:822)
	at org.testng.internal.TestInvoker.invokeTestMethods(TestInvoker.java:147)
	at org.testng.internal.TestMethodWorker.invokeTestMethods(TestMethodWorker.java:146)
	at org.testng.internal.TestMethodWorker.run(TestMethodWorker.java:128)
	at java.base/java.util.ArrayList.forEach(ArrayList.java:1511)
	at org.testng.TestRunner.privateRun(TestRunner.java:764)
	at org.testng.TestRunner.run(TestRunner.java:585)
	at org.testng.SuiteRunner.runTest(SuiteRunner.java:384)
	at org.testng.SuiteRunner.runSequentially(SuiteRunner.java:378)
	at org.testng.SuiteRunner.privateRun(SuiteRunner.java:337)
	at org.testng.SuiteRunner.run(SuiteRunner.java:286)
	at org.testng.SuiteRunnerWorker.runSuite(SuiteRunnerWorker.java:53)
	at org.testng.SuiteRunnerWorker.run(SuiteRunnerWorker.java:96)
	at org.testng.TestNG.runSuitesSequentially(TestNG.java:1218)
	at org.testng.TestNG.runSuitesLocally(TestNG.java:1140)
	at org.testng.TestNG.runSuites(TestNG.java:1069)
	at org.testng.TestNG.run(TestNG.java:1037)
	at org.testng.remote.AbstractRemoteTestNG.run(AbstractRemoteTestNG.java:115)
	at org.testng.remote.RemoteTestNG.initAndRun(RemoteTestNG.java:251)
	at org.testng.remote.RemoteTestNG.main(RemoteTestNG.java:77)
</pre></div></td>
<td>0</td>
<td>com.framework.datadriven.tests.HomeTest@700fb871</td></tr>
</table><p>
<table width='100%' border='1' class='invocation-passed'>
<tr><td colspan='4' align='center'><b>PASSED TESTS</b></td></tr>
<tr><td><b>Test method</b></td>
<td width="30%"><b>Exception</b></td>
<td width="10%"><b>Time (seconds)</b></td>
<td><b>Instance</b></td>
</tr>
<tr>
<td title='com.framework.datadriven.tests.FishTest.addLargeAngelFishTest()'><b>addLargeAngelFishTest</b><br>Test class: com.framework.datadriven.tests.FishTest<br>Test method: add large angle fish test</td>
<td></td>
<td>1</td>
<td>com.framework.datadriven.tests.FishTest@13d73f29</td></tr>
<tr>
<td title='com.framework.datadriven.tests.HomeTest.signInTest()'><b>signInTest</b><br>Test class: com.framework.datadriven.tests.HomeTest<br>Test method: sign in test case validation</td>
<td></td>
<td>1</td>
<td>com.framework.datadriven.tests.HomeTest@700fb871</td></tr>
</table><p>
</body>
</html>