<!DOCTYPE html PUBLIC "-//W3C//DTD XHTML 1.1//EN" "https://www.w3.org/TR/xhtml11/DTD/xhtml11.dtd">
<html xmlns="https://www.w3.org/1999/xhtml">
<head>
<meta http-equiv="content-type" content="text/html; charset=UTF-8"/>
<title>TestNG Report</title>
<style type="text/css">table {margin-bottom:10px;border-collapse:collapse;empty-cells:show}th,td {border:1px solid #009;padding:.25em .5em}th {vertical-align:bottom}td {vertical-align:top}table a {font-weight:bold}.stripe td {background-color: #E6EBF9}.num {text-align:right}.passedodd td {background-color: #3F3}.passedeven td {background-color: #0A0}.skippedodd td {background-color: #DDD}.skippedeven td {background-color: #CCC}.failedodd td,.attn {background-color: #F33}.failedeven td,.stripe .attn {background-color: #D00}.stacktrace {white-space:pre;font-family:monospace}.totop {font-size:85%;text-align:center;border-bottom:2px solid #000}.invisible {display:none}</style>
</head>
<body>
<table>
<tr><th>Test</th><th># Passed</th><th># Skipped</th><th># Retried</th><th># Failed</th><th>Time (ms)</th><th>Included Groups</th><th>Excluded Groups</th></tr>
<tr><th colspan="8">Suite</th></tr>
<tr><td><a href="#t0">Test</a></td><td class="num">2</td><td class="num">0</td><td class="num">0</td><td class="num attn">10</td><td class="num">389,837</td><td></td><td></td></tr>
</table>
<table id='summary'><thead><tr><th>Class</th><th>Method</th><th>Start</th><th>Time (ms)</th></tr></thead><tbody><tr><th colspan="4">Suite</th></tr></tbody><tbody id="t0"><tr><th colspan="4">Test &#8212; failed</th></tr><tr class="failedeven"><td rowspan="4">com.framework.datadriven.tests.HomeTest</td><td><a href="#m0">signUpDataProviderTest</a></td><td rowspan="2">1622555028288</td><td rowspan="2">35578</td></tr><tr class="failedeven"><td><a href="#m1">signUpDataProviderTest</a></td></tr><tr class="failedeven"><td><a href="#m2">signUpTest</a></td><td rowspan="1">1622555068823</td><td rowspan="1">35691</td></tr><tr class="failedeven"><td><a href="#m3">validateTitle</a></td><td rowspan="1">1622555109798</td><td rowspan="1">15</td></tr><tr class="failedodd"><td rowspan="2">com.framework.datadriven.tests.HomeTestCSVData</td><td><a href="#m4">signUpDataProviderTest</a></td><td rowspan="2">1622555320390</td><td rowspan="2">35727</td></tr><tr class="failedodd"><td><a href="#m5">signUpDataProviderTest</a></td></tr><tr class="failedeven"><td rowspan="2">com.framework.datadriven.tests.HomeTestExcelData</td><td><a href="#m6">signUpDataProviderTest</a></td><td rowspan="2">1622555115312</td><td rowspan="2">35843</td></tr><tr class="failedeven"><td><a href="#m7">signUpDataProviderTest</a></td></tr><tr class="failedodd"><td rowspan="2">com.framework.datadriven.tests.HomeTestExcelDataMapExample</td><td><a href="#m8">signUpDataProviderTest</a></td><td rowspan="2">1622555238411</td><td rowspan="2">35636</td></tr><tr class="failedodd"><td><a href="#m9">signUpDataProviderTest</a></td></tr><tr><th colspan="4">Test &#8212; passed</th></tr><tr class="passedeven"><td rowspan="1">com.framework.datadriven.tests.FishTest</td><td><a href="#m10">addLargeAngelFishTest</a></td><td rowspan="1">1622555362021</td><td rowspan="1">1045</td></tr><tr class="passedodd"><td rowspan="1">com.framework.datadriven.tests.HomeTest</td><td><a href="#m11">signInTest</a></td><td rowspan="1">1622554980033</td><td rowspan="1">1258</td></tr></tbody>
</table>
<h2>Test</h2><h3 id="m0">com.framework.datadriven.tests.HomeTest#signUpDataProviderTest</h3><table class="result"><tr class="param"><th>Parameter #1</th><th>Parameter #2</th><th>Parameter #3</th><th>Parameter #4</th><th>Parameter #5</th><th>Parameter #6</th><th>Parameter #7</th><th>Parameter #8</th><th>Parameter #9</th><th>Parameter #10</th></tr><tr class="param stripe"><td>Rama</td><td>Krishna</td><td>rama@yahoo.com</td><td>9845012786</td><td>Patel Layout</td><td>IndiraNagar</td><td>Bangalore</td><td>Karnataka</td><td>561113</td><td>India</td></tr><tr><th colspan="10">Exception</th></tr><tr><td colspan="10"><div class="stacktrace">java.lang.AssertionError: Unable to find the element using the By locator: &lt;By.name: account.address&gt;
	at com.framework.datadriven.pages.BasePage.sendKeysToWebElement(BasePage.java:57)
	at com.framework.datadriven.pages.HomePage.signUpDataProvider(HomePage.java:75)
	at com.framework.datadriven.tests.HomeTest.signUpDataProviderTest(HomeTest.java:46)
	at java.base/java.util.ArrayList.forEach(ArrayList.java:1511)
... Removed 28 stack frames</div></td></tr></table><p class="totop"><a href="#summary">back to summary</a></p>
<h3 id="m1">com.framework.datadriven.tests.HomeTest#signUpDataProviderTest</h3><table class="result"><tr class="param"><th>Parameter #1</th><th>Parameter #2</th><th>Parameter #3</th><th>Parameter #4</th><th>Parameter #5</th><th>Parameter #6</th><th>Parameter #7</th><th>Parameter #8</th><th>Parameter #9</th><th>Parameter #10</th></tr><tr class="param stripe"><td>John</td><td>Peter</td><td>rama@gmail.com</td><td>9845012345</td><td>KR Layout</td><td>KR Puram</td><td>Bangalore</td><td>Karnataka</td><td>560103</td><td>India</td></tr><tr><th colspan="10">Exception</th></tr><tr><td colspan="10"><div class="stacktrace">java.lang.AssertionError: Unable to find the element using the By locator: &lt;By.name: account.address&gt;
	at com.framework.datadriven.pages.BasePage.sendKeysToWebElement(BasePage.java:57)
	at com.framework.datadriven.pages.HomePage.signUpDataProvider(HomePage.java:75)
	at com.framework.datadriven.tests.HomeTest.signUpDataProviderTest(HomeTest.java:46)
	at java.base/java.util.ArrayList.forEach(ArrayList.java:1511)
... Removed 28 stack frames</div></td></tr></table><p class="totop"><a href="#summary">back to summary</a></p>
<h3 id="m2">com.framework.datadriven.tests.HomeTest#signUpTest</h3><table class="result"><tr><th>Exception</th></tr><tr><td><div class="stacktrace">java.lang.AssertionError: Unable to find the element using the By locator: &lt;By.name: account.address&gt;
	at com.framework.datadriven.pages.BasePage.sendKeysToWebElement(BasePage.java:57)
	at com.framework.datadriven.pages.HomePage.signUp(HomePage.java:58)
	at com.framework.datadriven.tests.HomeTest.signUpTest(HomeTest.java:36)
	at java.base/java.util.ArrayList.forEach(ArrayList.java:1511)
... Removed 28 stack frames</div></td></tr></table><p class="totop"><a href="#summary">back to summary</a></p>
<h3 id="m3">com.framework.datadriven.tests.HomeTest#validateTitle</h3><table class="result"><tr><th>Exception</th></tr><tr><td><div class="stacktrace">java.lang.AssertionError: expected [JPetStore Demo1] but found [JPetStore Demo]
	at com.framework.datadriven.tests.HomeTest.validateTitle(HomeTest.java:20)
	at java.base/java.util.ArrayList.forEach(ArrayList.java:1511)
... Removed 33 stack frames</div></td></tr></table><p class="totop"><a href="#summary">back to summary</a></p>
<h3 id="m4">com.framework.datadriven.tests.HomeTestCSVData#signUpDataProviderTest</h3><table class="result"><tr class="param"><th>Parameter #1</th></tr><tr class="param stripe"><td>{zip=560101, firstName=Pythoncsv, lastName=Selenium, country=world, phone=9845012345, address2=open source, city=everywhere, address1=apache, state=anywhere, email=java@selenium.com}</td></tr><tr><th>Exception</th></tr><tr><td><div class="stacktrace">java.lang.AssertionError: Unable to find the element using the By locator: &lt;By.name: account.address&gt;
	at com.framework.datadriven.pages.BasePage.sendKeysToWebElement(BasePage.java:57)
	at com.framework.datadriven.pages.HomePage.signUpDataProvider(HomePage.java:75)
	at com.framework.datadriven.tests.HomeTestCSVData.signUpDataProviderTest(HomeTestCSVData.java:32)
	at java.base/java.util.ArrayList.forEach(ArrayList.java:1511)
... Removed 28 stack frames</div></td></tr></table><p class="totop"><a href="#summary">back to summary</a></p>
<h3 id="m5">com.framework.datadriven.tests.HomeTestCSVData#signUpDataProviderTest</h3><table class="result"><tr class="param"><th>Parameter #1</th></tr><tr class="param stripe"><td>{zip=560101, firstName=Javacsv, lastName=Selenium, country=world, phone=9845012345, address2=open source, city=everywhere, address1=apache, state=anywhere, email=java@selenium.com}</td></tr><tr><th>Exception</th></tr><tr><td><div class="stacktrace">java.lang.AssertionError: Unable to find the element using the By locator: &lt;By.name: account.address&gt;
	at com.framework.datadriven.pages.BasePage.sendKeysToWebElement(BasePage.java:57)
	at com.framework.datadriven.pages.HomePage.signUpDataProvider(HomePage.java:75)
	at com.framework.datadriven.tests.HomeTestCSVData.signUpDataProviderTest(HomeTestCSVData.java:32)
	at java.base/java.util.ArrayList.forEach(ArrayList.java:1511)
... Removed 28 stack frames</div></td></tr></table><p class="totop"><a href="#summary">back to summary</a></p>
<h3 id="m6">com.framework.datadriven.tests.HomeTestExcelData#signUpDataProviderTest</h3><table class="result"><tr class="param"><th>Parameter #1</th><th>Parameter #2</th><th>Parameter #3</th><th>Parameter #4</th><th>Parameter #5</th><th>Parameter #6</th><th>Parameter #7</th><th>Parameter #8</th><th>Parameter #9</th><th>Parameter #10</th></tr><tr class="param stripe"><td>Java</td><td>Selenium</td><td>java@selenium.com</td><td>9845012345</td><td>apache</td><td>open source</td><td>everywhere</td><td>anywhere</td><td>560101</td><td>world</td></tr><tr><th colspan="10">Exception</th></tr><tr><td colspan="10"><div class="stacktrace">java.lang.AssertionError: Unable to find the element using the By locator: &lt;By.name: account.address&gt;
	at com.framework.datadriven.pages.BasePage.sendKeysToWebElement(BasePage.java:57)
	at com.framework.datadriven.pages.HomePage.signUpDataProvider(HomePage.java:75)
	at com.framework.datadriven.tests.HomeTestExcelData.signUpDataProviderTest(HomeTestExcelData.java:21)
	at java.base/java.util.ArrayList.forEach(ArrayList.java:1511)
... Removed 28 stack frames</div></td></tr></table><p class="totop"><a href="#summary">back to summary</a></p>
<h3 id="m7">com.framework.datadriven.tests.HomeTestExcelData#signUpDataProviderTest</h3><table class="result"><tr class="param"><th>Parameter #1</th><th>Parameter #2</th><th>Parameter #3</th><th>Parameter #4</th><th>Parameter #5</th><th>Parameter #6</th><th>Parameter #7</th><th>Parameter #8</th><th>Parameter #9</th><th>Parameter #10</th></tr><tr class="param stripe"><td>Python</td><td>Selenium</td><td>java@selenium.com</td><td>9845012345</td><td>apache</td><td>open source</td><td>everywhere</td><td>anywhere</td><td>560101</td><td>world</td></tr><tr><th colspan="10">Exception</th></tr><tr><td colspan="10"><div class="stacktrace">java.lang.AssertionError: Unable to find the element using the By locator: &lt;By.name: account.address&gt;
	at com.framework.datadriven.pages.BasePage.sendKeysToWebElement(BasePage.java:57)
	at com.framework.datadriven.pages.HomePage.signUpDataProvider(HomePage.java:75)
	at com.framework.datadriven.tests.HomeTestExcelData.signUpDataProviderTest(HomeTestExcelData.java:21)
	at java.base/java.util.ArrayList.forEach(ArrayList.java:1511)
... Removed 28 stack frames</div></td></tr></table><p class="totop"><a href="#summary">back to summary</a></p>
<h3 id="m8">com.framework.datadriven.tests.HomeTestExcelDataMapExample#signUpDataProviderTest</h3><table class="result"><tr class="param"><th>Parameter #1</th></tr><tr class="param stripe"><td>{zip=560101, firstName=Python, lastName=Selenium, country=world, phone=9845012345, address2=open source, city=everywhere, address1=apache, state=anywhere, email=java@selenium.com}</td></tr><tr><th>Exception</th></tr><tr><td><div class="stacktrace">java.lang.AssertionError: Unable to find the element using the By locator: &lt;By.name: account.address&gt;
	at com.framework.datadriven.pages.BasePage.sendKeysToWebElement(BasePage.java:57)
	at com.framework.datadriven.pages.HomePage.signUpDataProvider(HomePage.java:75)
	at com.framework.datadriven.tests.HomeTestExcelDataMapExample.signUpDataProviderTest(HomeTestExcelDataMapExample.java:30)
	at java.base/java.util.ArrayList.forEach(ArrayList.java:1511)
... Removed 28 stack frames</div></td></tr></table><p class="totop"><a href="#summary">back to summary</a></p>
<h3 id="m9">com.framework.datadriven.tests.HomeTestExcelDataMapExample#signUpDataProviderTest</h3><table class="result"><tr class="param"><th>Parameter #1</th></tr><tr class="param stripe"><td>{zip=560101, firstName=Java, lastName=Selenium, country=world, phone=9845012345, address2=open source, city=everywhere, address1=apache, state=anywhere, email=java@selenium.com}</td></tr><tr><th>Exception</th></tr><tr><td><div class="stacktrace">java.lang.AssertionError: Unable to find the element using the By locator: &lt;By.name: account.address&gt;
	at com.framework.datadriven.pages.BasePage.sendKeysToWebElement(BasePage.java:57)
	at com.framework.datadriven.pages.HomePage.signUpDataProvider(HomePage.java:75)
	at com.framework.datadriven.tests.HomeTestExcelDataMapExample.signUpDataProviderTest(HomeTestExcelDataMapExample.java:30)
	at java.base/java.util.ArrayList.forEach(ArrayList.java:1511)
... Removed 28 stack frames</div></td></tr></table><p class="totop"><a href="#summary">back to summary</a></p>
<h3 id="m10">com.framework.datadriven.tests.FishTest#addLargeAngelFishTest</h3><table class="result"><tr><th class="invisible"/></tr></table><p class="totop"><a href="#summary">back to summary</a></p>
<h3 id="m11">com.framework.datadriven.tests.HomeTest#signInTest</h3><table class="result"><tr><th class="invisible"/></tr></table><p class="totop"><a href="#summary">back to summary</a></p>
</body>
</html>
